<?xml version="1.0" encoding="UTF-8"?>
<!-- Generated by org.testng.reporters.JUnitReportReporter -->
<testsuite hostname="LAPTOP-FM60U41L" failures="0" tests="1" name="testCases.TC_004_SearchProductTest" time="0.610" errors="0" timestamp="2025-01-05T11:41:31 IST" skipped="0">
  <testcase classname="testCases.TC_004_SearchProductTest" name="verify_pruductSearch" time="0.610"/>
</testsuite> <!-- testCases.TC_004_SearchProductTest -->
