<?xml version="1.0" encoding="UTF-8"?>
<!-- Generated by org.testng.reporters.JUnitReportReporter -->
<testsuite hostname="LAPTOP-FM60U41L" failures="0" tests="2" name="testCases.TC_001_AccountRegistrationTest" time="15.058" errors="0" timestamp="2024-12-28T19:25:20 IST" skipped="0">
  <testcase classname="testCases.TC_001_AccountRegistrationTest" name="verify_account_registration" time="6.667"/>
  <testcase classname="testCases.TC_001_AccountRegistrationTest" name="verify_account_registration" time="8.391"/>
</testsuite> <!-- testCases.TC_001_AccountRegistrationTest -->
