<?xml version="1.0" encoding="UTF-8"?>
<!-- Generated by org.testng.reporters.JUnitReportReporter -->
<testsuite hostname="LAPTOP-FM60U41L" failures="0" tests="6" name="testCases.TC_003_LoginDDT" time="31.003" errors="0" timestamp="2025-01-05T11:41:31 IST" skipped="0">
  <testcase classname="testCases.TC_003_LoginDDT" name="verify_loginDDT" time="3.252"/>
  <testcase classname="testCases.TC_003_LoginDDT" name="verify_loginDDT" time="1.824"/>
  <testcase classname="testCases.TC_003_LoginDDT" name="verify_loginDDT" time="1.649"/>
  <testcase classname="testCases.TC_003_LoginDDT" name="verify_loginDDT" time="1.657"/>
  <testcase classname="testCases.TC_003_LoginDDT" name="verify_loginDDT" time="11.071"/>
  <testcase classname="testCases.TC_003_LoginDDT" name="verify_loginDDT" time="11.550"/>
</testsuite> <!-- testCases.TC_003_LoginDDT -->
