<?xml version="1.0" encoding="UTF-8"?>
<!-- Generated by org.testng.reporters.JUnitReportReporter -->
<testsuite hostname="LAPTOP-FM60U41L" failures="0" tests="1" name="testCases.TC_005_AddToCartPageTest" time="3.158" errors="0" timestamp="2025-01-04T14:49:23 IST" skipped="0">
  <testcase classname="testCases.TC_005_AddToCartPageTest" name="verify_addToCart" time="3.158"/>
</testsuite> <!-- testCases.TC_005_AddToCartPageTest -->
