<?xml version="1.0" encoding="UTF-8"?>
<!-- Generated by org.testng.reporters.JUnitReportReporter -->
<testsuite hostname="LAPTOP-FM60U41L" failures="0" tests="2" name="testCases.TC_002_LoginTest" time="3.825" errors="0" timestamp="2024-12-28T19:56:17 IST" skipped="0">
  <testcase classname="testCases.TC_002_LoginTest" name="verify_login" time="2.040"/>
  <testcase classname="testCases.TC_002_LoginTest" name="verify_login" time="1.785"/>
</testsuite> <!-- testCases.TC_002_LoginTest -->
