<?xml version="1.0" encoding="UTF-8"?>
<!-- Generated by org.testng.reporters.JUnitReportReporter -->
<testsuite hostname="LAPTOP-FM60U41L" failures="0" tests="1" name="testCases.TC_002_LoginTest" time="3.225" errors="0" timestamp="2024-12-29T13:53:16 IST" skipped="0">
  <testcase classname="testCases.TC_002_LoginTest" name="verify_login" time="3.225"/>
</testsuite> <!-- testCases.TC_002_LoginTest -->
