<?xml version="1.0" encoding="UTF-8"?>
<!-- Generated by org.testng.reporters.JUnitReportReporter -->
<testsuite hostname="LAPTOP-FM60U41L" failures="0" tests="1" name="testCases.TC_001_AccountRegistrationTest" time="5.634" errors="0" timestamp="2024-12-29T13:53:16 IST" skipped="0">
  <testcase classname="testCases.TC_001_AccountRegistrationTest" name="verify_account_registration" time="5.634"/>
</testsuite> <!-- testCases.TC_001_AccountRegistrationTest -->
