<?xml version="1.0" encoding="UTF-8"?>
<!-- Generated by org.testng.reporters.JUnitReportReporter -->
<testsuite hostname="LAPTOP-FM60U41L" failures="0" tests="1" name="testCases.TC_002_LoginTest" time="1.528" errors="0" timestamp="2025-01-04T21:18:27 IST" skipped="0">
  <testcase classname="testCases.TC_002_LoginTest" name="verify_login" time="1.528"/>
</testsuite> <!-- testCases.TC_002_LoginTest -->
