<?xml version="1.0" encoding="UTF-8"?>
<!-- Generated by org.testng.reporters.JUnitReportReporter -->
<testsuite hostname="LAPTOP-FM60U41L" failures="0" tests="1" name="testCases.TC_001_AccountRegistrationTest" time="2.346" errors="0" timestamp="2025-01-04T21:18:27 IST" skipped="0">
  <testcase classname="testCases.TC_001_AccountRegistrationTest" name="verify_account_registration" time="2.346"/>
</testsuite> <!-- testCases.TC_001_AccountRegistrationTest -->
