<?xml version="1.0" encoding="UTF-8"?>
<!-- Generated by org.testng.reporters.JUnitReportReporter -->
<testsuite hostname="LAPTOP-FM60U41L" failures="0" tests="1" name="testCases.TC_005_AddToCartPageTest" time="2.718" errors="0" timestamp="2025-01-04T21:18:27 IST" skipped="0">
  <testcase classname="testCases.TC_005_AddToCartPageTest" name="verify_addToCart" time="2.718"/>
</testsuite> <!-- testCases.TC_005_AddToCartPageTest -->
